CyclingApp/CyclingApp/app/build/intermediates/manifest_merge_blame_file/debug/manifest-merger-blame-debug-report.txt
1<?xml version="1.0" encoding="utf-8"?>
2<manifest xmlns:android="http://schemas.android.com/apk/res/android"
3    package="com.example.cyclingapp"
4    android:versionCode="1"
5    android:versionName="1.0" >
6
7    <uses-sdk
8        android:minSdkVersion="24"
8-->src\main\AndroidManifest.xml
9        android:targetSdkVersion="33" />
9-->src\main\AndroidManifest.xml
10
11    <uses-permission android:name="android.permission.ACCESS_NETWORK_STATE" />
11-->[com.firebaseui:firebase-ui-auth:8.0.2] AndroidManifest.xml:10:5-79
11-->[com.firebaseui:firebase-ui-auth:8.0.2] AndroidManifest.xml:10:22-76
12    <uses-permission android:name="android.permission.INTERNET" /> <!-- Used to check if a browser is available before launching phone auth -->
12-->[com.firebaseui:firebase-ui-auth:8.0.2] AndroidManifest.xml:11:5-67
12-->[com.firebaseui:firebase-ui-auth:8.0.2] AndroidManifest.xml:11:22-64
13    <!-- See ui/phone/PhoneNumberVerificationHandler.isBrowserAvailable() -->
14    <queries>
14-->[com.firebaseui:firebase-ui-auth:8.0.2] AndroidManifest.xml:15:5-23:15
15        <intent>
15-->[com.firebaseui:firebase-ui-auth:8.0.2] AndroidManifest.xml:16:9-22:18
16            <action android:name="android.intent.action.VIEW" />
16-->[com.firebaseui:firebase-ui-auth:8.0.2] AndroidManifest.xml:17:13-65
16-->[com.firebaseui:firebase-ui-auth:8.0.2] AndroidManifest.xml:17:21-62
17
18            <category android:name="android.intent.category.BROWSABLE" />
18-->[com.firebaseui:firebase-ui-auth:8.0.2] AndroidManifest.xml:19:13-74
18-->[com.firebaseui:firebase-ui-auth:8.0.2] AndroidManifest.xml:19:23-71
19
20            <data android:scheme="http" />
20-->[com.firebaseui:firebase-ui-auth:8.0.2] AndroidManifest.xml:21:13-43
20-->[com.firebaseui:firebase-ui-auth:8.0.2] AndroidManifest.xml:21:19-40
21        </intent>
22    </queries>
23
24    <permission
24-->[androidx.core:core:1.9.0] AndroidManifest.xml:22:5-24:47
25        android:name="com.example.cyclingapp.DYNAMIC_RECEIVER_NOT_EXPORTED_PERMISSION"
25-->[androidx.core:core:1.9.0] AndroidManifest.xml:23:9-81
26        android:protectionLevel="signature" />
26-->[androidx.core:core:1.9.0] AndroidManifest.xml:24:9-44
27
28    <uses-permission android:name="com.example.cyclingapp.DYNAMIC_RECEIVER_NOT_EXPORTED_PERMISSION" />
28-->[androidx.core:core:1.9.0] AndroidManifest.xml:26:5-97
28-->[androidx.core:core:1.9.0] AndroidManifest.xml:26:22-94
29
30    <application
30-->src\main\AndroidManifest.xml:5:5-28:19
31        android:allowBackup="true"
31-->src\main\AndroidManifest.xml:6:9-35
32        android:appComponentFactory="androidx.core.app.CoreComponentFactory"
32-->[androidx.core:core:1.9.0] AndroidManifest.xml:28:18-86
33        android:dataExtractionRules="@xml/data_extraction_rules"
33-->src\main\AndroidManifest.xml:7:9-65
34        android:debuggable="true"
35        android:extractNativeLibs="false"
36        android:fullBackupContent="@xml/backup_rules"
36-->src\main\AndroidManifest.xml:8:9-54
37        android:icon="@mipmap/ic_launcher"
37-->src\main\AndroidManifest.xml:9:9-43
38        android:label="@string/app_name"
38-->src\main\AndroidManifest.xml:10:9-41
39        android:supportsRtl="true"
39-->src\main\AndroidManifest.xml:11:9-35
40        android:testOnly="true"
41        android:theme="@style/Theme.CyclingApp" >
41-->src\main\AndroidManifest.xml:12:9-48
42        <activity
42-->src\main\AndroidManifest.xml:14:9-16:40
43            android:name="com.example.cyclingapp.HomeActivity"
43-->src\main\AndroidManifest.xml:15:13-41
44            android:exported="false" />
44-->src\main\AndroidManifest.xml:16:13-37
45        <activity
45-->src\main\AndroidManifest.xml:17:9-27:20
46            android:name="com.example.cyclingapp.MainActivity"
46-->src\main\AndroidManifest.xml:18:13-41
47            android:exported="true"
47-->src\main\AndroidManifest.xml:19:13-36
48            android:label="@string/app_name"
48-->src\main\AndroidManifest.xml:20:13-45
49            android:theme="@style/Theme.CyclingApp.NoActionBar" >
49-->src\main\AndroidManifest.xml:21:13-64
50            <intent-filter>
50-->src\main\AndroidManifest.xml:22:13-26:29
51                <action android:name="android.intent.action.MAIN" />
51-->src\main\AndroidManifest.xml:23:17-69
51-->src\main\AndroidManifest.xml:23:25-66
52
53                <category android:name="android.intent.category.LAUNCHER" />
53-->src\main\AndroidManifest.xml:25:17-77
53-->src\main\AndroidManifest.xml:25:27-74
54            </intent-filter>
55        </activity>
56
57        <meta-data
57-->[com.firebaseui:firebase-ui-auth:8.0.2] AndroidManifest.xml:26:9-28:69
58            android:name="com.google.android.gms.version"
58-->[com.firebaseui:firebase-ui-auth:8.0.2] AndroidManifest.xml:27:13-58
59            android:value="@integer/google_play_services_version" />
59-->[com.firebaseui:firebase-ui-auth:8.0.2] AndroidManifest.xml:28:13-66
60        <meta-data
60-->[com.firebaseui:firebase-ui-auth:8.0.2] AndroidManifest.xml:29:9-31:63
61            android:name="com.facebook.sdk.ApplicationId"
61-->[com.firebaseui:firebase-ui-auth:8.0.2] AndroidManifest.xml:30:13-58
62            android:value="@string/facebook_application_id" />
62-->[com.firebaseui:firebase-ui-auth:8.0.2] AndroidManifest.xml:31:13-60
63
64        <activity
64-->[com.firebaseui:firebase-ui-auth:8.0.2] AndroidManifest.xml:33:9-37:61
65            android:name="com.firebase.ui.auth.KickoffActivity"
65-->[com.firebaseui:firebase-ui-auth:8.0.2] AndroidManifest.xml:34:13-64
66            android:exported="false"
66-->[com.firebaseui:firebase-ui-auth:8.0.2] AndroidManifest.xml:35:13-37
67            android:label=""
67-->[com.firebaseui:firebase-ui-auth:8.0.2] AndroidManifest.xml:36:13-29
68            android:theme="@style/FirebaseUI.Transparent" />
68-->[com.firebaseui:firebase-ui-auth:8.0.2] AndroidManifest.xml:37:13-58
69        <activity
69-->[com.firebaseui:firebase-ui-auth:8.0.2] AndroidManifest.xml:38:9-42:61
70            android:name="com.firebase.ui.auth.ui.idp.SingleSignInActivity"
70-->[com.firebaseui:firebase-ui-auth:8.0.2] AndroidManifest.xml:39:13-76
71            android:exported="false"
71-->[com.firebaseui:firebase-ui-auth:8.0.2] AndroidManifest.xml:40:13-37
72            android:label=""
72-->[com.firebaseui:firebase-ui-auth:8.0.2] AndroidManifest.xml:41:13-29
73            android:theme="@style/FirebaseUI.Transparent" />
73-->[com.firebaseui:firebase-ui-auth:8.0.2] AndroidManifest.xml:42:13-58
74        <activity
74-->[com.firebaseui:firebase-ui-auth:8.0.2] AndroidManifest.xml:43:9-47:61
75            android:name="com.firebase.ui.auth.ui.credentials.CredentialSaveActivity"
75-->[com.firebaseui:firebase-ui-auth:8.0.2] AndroidManifest.xml:44:13-86
76            android:exported="false"
76-->[com.firebaseui:firebase-ui-auth:8.0.2] AndroidManifest.xml:45:13-37
77            android:label=""
77-->[com.firebaseui:firebase-ui-auth:8.0.2] AndroidManifest.xml:46:13-29
78            android:theme="@style/FirebaseUI.Transparent" />
78-->[com.firebaseui:firebase-ui-auth:8.0.2] AndroidManifest.xml:47:13-58
79        <activity
79-->[com.firebaseui:firebase-ui-auth:8.0.2] AndroidManifest.xml:48:9-52:58
80            android:name="com.firebase.ui.auth.ui.email.RecoverPasswordActivity"
80-->[com.firebaseui:firebase-ui-auth:8.0.2] AndroidManifest.xml:49:13-81
81            android:exported="false"
81-->[com.firebaseui:firebase-ui-auth:8.0.2] AndroidManifest.xml:50:13-37
82            android:label="@string/fui_title_recover_password_activity"
82-->[com.firebaseui:firebase-ui-auth:8.0.2] AndroidManifest.xml:51:13-72
83            android:windowSoftInputMode="adjustResize" />
83-->[com.firebaseui:firebase-ui-auth:8.0.2] AndroidManifest.xml:52:13-55
84        <activity
84-->[com.firebaseui:firebase-ui-auth:8.0.2] AndroidManifest.xml:53:9-57:58
85            android:name="com.firebase.ui.auth.ui.email.EmailActivity"
85-->[com.firebaseui:firebase-ui-auth:8.0.2] AndroidManifest.xml:54:13-71
86            android:exported="false"
86-->[com.firebaseui:firebase-ui-auth:8.0.2] AndroidManifest.xml:55:13-37
87            android:label="@string/fui_sign_in_default"
87-->[com.firebaseui:firebase-ui-auth:8.0.2] AndroidManifest.xml:56:13-56
88            android:windowSoftInputMode="adjustResize" />
88-->[com.firebaseui:firebase-ui-auth:8.0.2] AndroidManifest.xml:57:13-55
89        <activity
89-->[com.firebaseui:firebase-ui-auth:8.0.2] AndroidManifest.xml:58:9-62:77
90            android:name="com.firebase.ui.auth.ui.phone.PhoneActivity"
90-->[com.firebaseui:firebase-ui-auth:8.0.2] AndroidManifest.xml:59:13-71
91            android:exported="false"
91-->[com.firebaseui:firebase-ui-auth:8.0.2] AndroidManifest.xml:60:13-37
92            android:label="@string/fui_sign_in_with_phone_number"
92-->[com.firebaseui:firebase-ui-auth:8.0.2] AndroidManifest.xml:61:13-66
93            android:windowSoftInputMode="adjustResize|stateAlwaysVisible" />
93-->[com.firebaseui:firebase-ui-auth:8.0.2] AndroidManifest.xml:62:13-74
94        <activity
94-->[com.firebaseui:firebase-ui-auth:8.0.2] AndroidManifest.xml:63:9-67:58
95            android:name="com.firebase.ui.auth.ui.idp.WelcomeBackIdpPrompt"
95-->[com.firebaseui:firebase-ui-auth:8.0.2] AndroidManifest.xml:64:13-76
96            android:exported="false"
96-->[com.firebaseui:firebase-ui-auth:8.0.2] AndroidManifest.xml:65:13-37
97            android:label="@string/fui_title_welcome_back_idp_prompt"
97-->[com.firebaseui:firebase-ui-auth:8.0.2] AndroidManifest.xml:66:13-70
98            android:windowSoftInputMode="adjustResize" />
98-->[com.firebaseui:firebase-ui-auth:8.0.2] AndroidManifest.xml:67:13-55
99        <activity
99-->[com.firebaseui:firebase-ui-auth:8.0.2] AndroidManifest.xml:68:9-72:58
100            android:name="com.firebase.ui.auth.ui.email.WelcomeBackPasswordPrompt"
100-->[com.firebaseui:firebase-ui-auth:8.0.2] AndroidManifest.xml:69:13-83
101            android:exported="false"
101-->[com.firebaseui:firebase-ui-auth:8.0.2] AndroidManifest.xml:70:13-37
102            android:label="@string/fui_title_welcome_back_password_prompt"
102-->[com.firebaseui:firebase-ui-auth:8.0.2] AndroidManifest.xml:71:13-75
103            android:windowSoftInputMode="adjustResize" />
103-->[com.firebaseui:firebase-ui-auth:8.0.2] AndroidManifest.xml:72:13-55
104        <activity
104-->[com.firebaseui:firebase-ui-auth:8.0.2] AndroidManifest.xml:73:9-77:58
105            android:name="com.firebase.ui.auth.ui.email.WelcomeBackEmailLinkPrompt"
105-->[com.firebaseui:firebase-ui-auth:8.0.2] AndroidManifest.xml:74:13-84
106            android:exported="false"
106-->[com.firebaseui:firebase-ui-auth:8.0.2] AndroidManifest.xml:75:13-37
107            android:label="@string/fui_title_welcome_back_password_prompt"
107-->[com.firebaseui:firebase-ui-auth:8.0.2] AndroidManifest.xml:76:13-75
108            android:windowSoftInputMode="adjustResize" />
108-->[com.firebaseui:firebase-ui-auth:8.0.2] AndroidManifest.xml:77:13-55
109        <activity
109-->[com.firebaseui:firebase-ui-auth:8.0.2] AndroidManifest.xml:78:9-83:58
110            android:name="com.firebase.ui.auth.ui.email.EmailLinkCatcherActivity"
110-->[com.firebaseui:firebase-ui-auth:8.0.2] AndroidManifest.xml:79:13-82
111            android:exported="false"
111-->[com.firebaseui:firebase-ui-auth:8.0.2] AndroidManifest.xml:80:13-37
112            android:label=""
112-->[com.firebaseui:firebase-ui-auth:8.0.2] AndroidManifest.xml:81:13-29
113            android:theme="@style/FirebaseUI.Transparent"
113-->[com.firebaseui:firebase-ui-auth:8.0.2] AndroidManifest.xml:82:13-58
114            android:windowSoftInputMode="adjustResize" />
114-->[com.firebaseui:firebase-ui-auth:8.0.2] AndroidManifest.xml:83:13-55
115        <activity
115-->[com.firebaseui:firebase-ui-auth:8.0.2] AndroidManifest.xml:84:9-88:58
116            android:name="com.firebase.ui.auth.ui.email.EmailLinkErrorRecoveryActivity"
116-->[com.firebaseui:firebase-ui-auth:8.0.2] AndroidManifest.xml:85:13-88
117            android:exported="false"
117-->[com.firebaseui:firebase-ui-auth:8.0.2] AndroidManifest.xml:86:13-37
118            android:label="@string/fui_sign_in_default"
118-->[com.firebaseui:firebase-ui-auth:8.0.2] AndroidManifest.xml:87:13-56
119            android:windowSoftInputMode="adjustResize" />
119-->[com.firebaseui:firebase-ui-auth:8.0.2] AndroidManifest.xml:88:13-55
120        <activity
120-->[com.firebaseui:firebase-ui-auth:8.0.2] AndroidManifest.xml:89:9-92:65
121            android:name="com.firebase.ui.auth.ui.idp.AuthMethodPickerActivity"
121-->[com.firebaseui:firebase-ui-auth:8.0.2] AndroidManifest.xml:90:13-80
122            android:exported="false"
122-->[com.firebaseui:firebase-ui-auth:8.0.2] AndroidManifest.xml:91:13-37
123            android:label="@string/fui_default_toolbar_title" />
123-->[com.firebaseui:firebase-ui-auth:8.0.2] AndroidManifest.xml:92:13-62
124        <activity
124-->[com.firebaseui:firebase-ui-auth:8.0.2] AndroidManifest.xml:93:9-97:48
125            android:name="com.facebook.FacebookActivity"
125-->[com.firebaseui:firebase-ui-auth:8.0.2] AndroidManifest.xml:94:13-57
126            android:configChanges="keyboard|keyboardHidden|screenLayout|screenSize|orientation"
126-->[com.firebaseui:firebase-ui-auth:8.0.2] AndroidManifest.xml:95:13-96
127            android:label="@string/app_name" />
127-->[com.firebaseui:firebase-ui-auth:8.0.2] AndroidManifest.xml:96:13-45
128        <activity
128-->[com.firebaseui:firebase-ui-auth:8.0.2] AndroidManifest.xml:98:9-110:20
129            android:name="com.facebook.CustomTabActivity"
129-->[com.firebaseui:firebase-ui-auth:8.0.2] AndroidManifest.xml:99:13-58
130            android:exported="true" >
130-->[com.firebaseui:firebase-ui-auth:8.0.2] AndroidManifest.xml:100:13-36
131            <intent-filter>
131-->[com.firebaseui:firebase-ui-auth:8.0.2] AndroidManifest.xml:102:13-109:29
132                <action android:name="android.intent.action.VIEW" />
132-->[com.firebaseui:firebase-ui-auth:8.0.2] AndroidManifest.xml:17:13-65
132-->[com.firebaseui:firebase-ui-auth:8.0.2] AndroidManifest.xml:17:21-62
133
134                <category android:name="android.intent.category.DEFAULT" />
134-->[com.firebaseui:firebase-ui-auth:8.0.2] AndroidManifest.xml:105:17-76
134-->[com.firebaseui:firebase-ui-auth:8.0.2] AndroidManifest.xml:105:27-73
135                <category android:name="android.intent.category.BROWSABLE" />
135-->[com.firebaseui:firebase-ui-auth:8.0.2] AndroidManifest.xml:19:13-74
135-->[com.firebaseui:firebase-ui-auth:8.0.2] AndroidManifest.xml:19:23-71
136
137                <data android:scheme="@string/facebook_login_protocol_scheme" />
137-->[com.firebaseui:firebase-ui-auth:8.0.2] AndroidManifest.xml:21:13-43
137-->[com.firebaseui:firebase-ui-auth:8.0.2] AndroidManifest.xml:21:19-40
138            </intent-filter>
139        </activity>
140
141        <provider
141-->[com.firebaseui:firebase-ui-auth:8.0.2] AndroidManifest.xml:112:9-116:38
142            android:name="com.firebase.ui.auth.data.client.AuthUiInitProvider"
142-->[com.firebaseui:firebase-ui-auth:8.0.2] AndroidManifest.xml:113:13-79
143            android:authorities="com.example.cyclingapp.authuiinitprovider"
143-->[com.firebaseui:firebase-ui-auth:8.0.2] AndroidManifest.xml:114:13-70
144            android:exported="false"
144-->[com.firebaseui:firebase-ui-auth:8.0.2] AndroidManifest.xml:115:13-37
145            android:initOrder="90" />
145-->[com.firebaseui:firebase-ui-auth:8.0.2] AndroidManifest.xml:116:13-35
146
147        <activity
147-->[com.google.firebase:firebase-auth:21.0.3] AndroidManifest.xml:27:9-44:20
148            android:name="com.google.firebase.auth.internal.GenericIdpActivity"
148-->[com.google.firebase:firebase-auth:21.0.3] AndroidManifest.xml:28:13-80
149            android:excludeFromRecents="true"
149-->[com.google.firebase:firebase-auth:21.0.3] AndroidManifest.xml:29:13-46
150            android:exported="true"
150-->[com.google.firebase:firebase-auth:21.0.3] AndroidManifest.xml:30:13-36
151            android:launchMode="singleTask"
151-->[com.google.firebase:firebase-auth:21.0.3] AndroidManifest.xml:31:13-44
152            android:theme="@android:style/Theme.Translucent.NoTitleBar" >
152-->[com.google.firebase:firebase-auth:21.0.3] AndroidManifest.xml:32:13-72
153            <intent-filter>
153-->[com.google.firebase:firebase-auth:21.0.3] AndroidManifest.xml:33:13-43:29
154                <action android:name="android.intent.action.VIEW" />
154-->[com.firebaseui:firebase-ui-auth:8.0.2] AndroidManifest.xml:17:13-65
154-->[com.firebaseui:firebase-ui-auth:8.0.2] AndroidManifest.xml:17:21-62
155
156                <category android:name="android.intent.category.DEFAULT" />
156-->[com.firebaseui:firebase-ui-auth:8.0.2] AndroidManifest.xml:105:17-76
156-->[com.firebaseui:firebase-ui-auth:8.0.2] AndroidManifest.xml:105:27-73
157                <category android:name="android.intent.category.BROWSABLE" />
157-->[com.firebaseui:firebase-ui-auth:8.0.2] AndroidManifest.xml:19:13-74
157-->[com.firebaseui:firebase-ui-auth:8.0.2] AndroidManifest.xml:19:23-71
158
159                <data
159-->[com.firebaseui:firebase-ui-auth:8.0.2] AndroidManifest.xml:21:13-43
160                    android:host="firebase.auth"
161                    android:path="/"
162                    android:scheme="genericidp" />
162-->[com.firebaseui:firebase-ui-auth:8.0.2] AndroidManifest.xml:21:19-40
163            </intent-filter>
164        </activity>
165        <activity
165-->[com.google.firebase:firebase-auth:21.0.3] AndroidManifest.xml:45:9-62:20
166            android:name="com.google.firebase.auth.internal.RecaptchaActivity"
166-->[com.google.firebase:firebase-auth:21.0.3] AndroidManifest.xml:46:13-79
167            android:excludeFromRecents="true"
167-->[com.google.firebase:firebase-auth:21.0.3] AndroidManifest.xml:47:13-46
168            android:exported="true"
168-->[com.google.firebase:firebase-auth:21.0.3] AndroidManifest.xml:48:13-36
169            android:launchMode="singleTask"
169-->[com.google.firebase:firebase-auth:21.0.3] AndroidManifest.xml:49:13-44
170            android:theme="@android:style/Theme.Translucent.NoTitleBar" >
170-->[com.google.firebase:firebase-auth:21.0.3] AndroidManifest.xml:50:13-72
171            <intent-filter>
171-->[com.google.firebase:firebase-auth:21.0.3] AndroidManifest.xml:51:13-61:29
172                <action android:name="android.intent.action.VIEW" />
172-->[com.firebaseui:firebase-ui-auth:8.0.2] AndroidManifest.xml:17:13-65
172-->[com.firebaseui:firebase-ui-auth:8.0.2] AndroidManifest.xml:17:21-62
173
174                <category android:name="android.intent.category.DEFAULT" />
174-->[com.firebaseui:firebase-ui-auth:8.0.2] AndroidManifest.xml:105:17-76
174-->[com.firebaseui:firebase-ui-auth:8.0.2] AndroidManifest.xml:105:27-73
175                <category android:name="android.intent.category.BROWSABLE" />
175-->[com.firebaseui:firebase-ui-auth:8.0.2] AndroidManifest.xml:19:13-74
175-->[com.firebaseui:firebase-ui-auth:8.0.2] AndroidManifest.xml:19:23-71
176
177                <data
177-->[com.firebaseui:firebase-ui-auth:8.0.2] AndroidManifest.xml:21:13-43
178                    android:host="firebase.auth"
179                    android:path="/"
180                    android:scheme="recaptcha" />
180-->[com.firebaseui:firebase-ui-auth:8.0.2] AndroidManifest.xml:21:19-40
181            </intent-filter>
182        </activity>
183
184        <service
184-->[com.google.firebase:firebase-auth:21.0.3] AndroidManifest.xml:64:9-70:19
185            android:name="com.google.firebase.components.ComponentDiscoveryService"
185-->[com.google.firebase:firebase-auth:21.0.3] AndroidManifest.xml:65:13-84
186            android:directBootAware="true"
186-->[com.google.firebase:firebase-common:20.1.0] AndroidManifest.xml:35:13-43
187            android:exported="false" >
187-->[com.google.firebase:firebase-auth:21.0.3] AndroidManifest.xml:66:13-37
188            <meta-data
188-->[com.google.firebase:firebase-auth:21.0.3] AndroidManifest.xml:67:13-69:85
189                android:name="com.google.firebase.components:com.google.firebase.auth.FirebaseAuthRegistrar"
189-->[com.google.firebase:firebase-auth:21.0.3] AndroidManifest.xml:68:17-109
190                android:value="com.google.firebase.components.ComponentRegistrar" />
190-->[com.google.firebase:firebase-auth:21.0.3] AndroidManifest.xml:69:17-82
191            <meta-data
191-->[com.google.firebase:firebase-database:20.0.4] AndroidManifest.xml:32:13-34:85
192                android:name="com.google.firebase.components:com.google.firebase.database.DatabaseRegistrar"
192-->[com.google.firebase:firebase-database:20.0.4] AndroidManifest.xml:33:17-109
193                android:value="com.google.firebase.components.ComponentRegistrar" />
193-->[com.google.firebase:firebase-database:20.0.4] AndroidManifest.xml:34:17-82
194            <meta-data
194-->[com.google.firebase:firebase-storage:20.0.0] AndroidManifest.xml:33:13-35:85
195                android:name="com.google.firebase.components:com.google.firebase.storage.StorageRegistrar"
195-->[com.google.firebase:firebase-storage:20.0.0] AndroidManifest.xml:34:17-107
196                android:value="com.google.firebase.components.ComponentRegistrar" />
196-->[com.google.firebase:firebase-storage:20.0.0] AndroidManifest.xml:35:17-82
197            <meta-data
197-->[com.google.firebase:firebase-firestore:23.0.1] AndroidManifest.xml:20:13-22:85
198                android:name="com.google.firebase.components:com.google.firebase.firestore.FirestoreRegistrar"
198-->[com.google.firebase:firebase-firestore:23.0.1] AndroidManifest.xml:21:17-111
199                android:value="com.google.firebase.components.ComponentRegistrar" />
199-->[com.google.firebase:firebase-firestore:23.0.1] AndroidManifest.xml:22:17-82
200        </service>
201
202        <activity
202-->[com.google.android.gms:play-services-auth:20.3.0] AndroidManifest.xml:23:9-27:75
203            android:name="com.google.android.gms.auth.api.signin.internal.SignInHubActivity"
203-->[com.google.android.gms:play-services-auth:20.3.0] AndroidManifest.xml:24:13-93
204            android:excludeFromRecents="true"
204-->[com.google.android.gms:play-services-auth:20.3.0] AndroidManifest.xml:25:13-46
205            android:exported="false"
205-->[com.google.android.gms:play-services-auth:20.3.0] AndroidManifest.xml:26:13-37
206            android:theme="@android:style/Theme.Translucent.NoTitleBar" />
206-->[com.google.android.gms:play-services-auth:20.3.0] AndroidManifest.xml:27:13-72
207        <!--
208            Service handling Google Sign-In user revocation. For apps that do not integrate with
209            Google Sign-In, this service will never be started.
210        -->
211        <service
211-->[com.google.android.gms:play-services-auth:20.3.0] AndroidManifest.xml:33:9-37:51
212            android:name="com.google.android.gms.auth.api.signin.RevocationBoundService"
212-->[com.google.android.gms:play-services-auth:20.3.0] AndroidManifest.xml:34:13-89
213            android:exported="true"
213-->[com.google.android.gms:play-services-auth:20.3.0] AndroidManifest.xml:35:13-36
214            android:permission="com.google.android.gms.auth.api.signin.permission.REVOCATION_NOTIFICATION"
214-->[com.google.android.gms:play-services-auth:20.3.0] AndroidManifest.xml:36:13-107
215            android:visibleToInstantApps="true" />
215-->[com.google.android.gms:play-services-auth:20.3.0] AndroidManifest.xml:37:13-48
216
217        <activity
217-->[com.google.android.gms:play-services-base:18.0.1] AndroidManifest.xml:20:9-22:45
218            android:name="com.google.android.gms.common.api.GoogleApiActivity"
218-->[com.google.android.gms:play-services-base:18.0.1] AndroidManifest.xml:20:19-85
219            android:exported="false"
219-->[com.google.android.gms:play-services-base:18.0.1] AndroidManifest.xml:22:19-43
220            android:theme="@android:style/Theme.Translucent.NoTitleBar" />
220-->[com.google.android.gms:play-services-base:18.0.1] AndroidManifest.xml:21:19-78
221
222        <provider
222-->[com.google.firebase:firebase-common:20.1.0] AndroidManifest.xml:26:9-31:39
223            android:name="com.google.firebase.provider.FirebaseInitProvider"
223-->[com.google.firebase:firebase-common:20.1.0] AndroidManifest.xml:27:13-77
224            android:authorities="com.example.cyclingapp.firebaseinitprovider"
224-->[com.google.firebase:firebase-common:20.1.0] AndroidManifest.xml:28:13-72
225            android:directBootAware="true"
225-->[com.google.firebase:firebase-common:20.1.0] AndroidManifest.xml:29:13-43
226            android:exported="false"
226-->[com.google.firebase:firebase-common:20.1.0] AndroidManifest.xml:30:13-37
227            android:initOrder="100" />
227-->[com.google.firebase:firebase-common:20.1.0] AndroidManifest.xml:31:13-36
228        <provider
228-->[androidx.emoji2:emoji2:1.2.0] AndroidManifest.xml:24:9-32:20
229            android:name="androidx.startup.InitializationProvider"
229-->[androidx.emoji2:emoji2:1.2.0] AndroidManifest.xml:25:13-67
230            android:authorities="com.example.cyclingapp.androidx-startup"
230-->[androidx.emoji2:emoji2:1.2.0] AndroidManifest.xml:26:13-68
231            android:exported="false" >
231-->[androidx.emoji2:emoji2:1.2.0] AndroidManifest.xml:27:13-37
232            <meta-data
232-->[androidx.emoji2:emoji2:1.2.0] AndroidManifest.xml:29:13-31:52
233                android:name="androidx.emoji2.text.EmojiCompatInitializer"
233-->[androidx.emoji2:emoji2:1.2.0] AndroidManifest.xml:30:17-75
234                android:value="androidx.startup" />
234-->[androidx.emoji2:emoji2:1.2.0] AndroidManifest.xml:31:17-49
235            <meta-data
235-->[androidx.lifecycle:lifecycle-process:2.4.1] AndroidManifest.xml:31:13-33:52
236                android:name="androidx.lifecycle.ProcessLifecycleInitializer"
236-->[androidx.lifecycle:lifecycle-process:2.4.1] AndroidManifest.xml:32:17-78
237                android:value="androidx.startup" />
237-->[androidx.lifecycle:lifecycle-process:2.4.1] AndroidManifest.xml:33:17-49
238        </provider>
239
240        <uses-library
240-->[androidx.window:window:1.0.0] AndroidManifest.xml:25:9-27:40
241            android:name="androidx.window.extensions"
241-->[androidx.window:window:1.0.0] AndroidManifest.xml:26:13-54
242            android:required="false" />
242-->[androidx.window:window:1.0.0] AndroidManifest.xml:27:13-37
243        <uses-library
243-->[androidx.window:window:1.0.0] AndroidManifest.xml:28:9-30:40
244            android:name="androidx.window.sidecar"
244-->[androidx.window:window:1.0.0] AndroidManifest.xml:29:13-51
245            android:required="false" />
245-->[androidx.window:window:1.0.0] AndroidManifest.xml:30:13-37
246    </application>
247
248</manifest>